<?xml version="1.0" encoding="UTF-8"?>
<!-- Generated by org.testng.reporters.JUnitXMLReporter -->
<testsuite ignored="0" hostname="DESKTOP-37DH2AR" failures="0" tests="4" name="Test" time="0.181" errors="0" timestamp="2023-05-25T12:46:16 IST">
  <testcase classname="Lainas_home.Lainas" name="@BeforeTest foodizonecrossbrowsertesting" time="-1.684998976575E9">
    <failure type="org.testng.TestNGException" message="
Parameter &amp;apos;Browser&amp;apos; is required by BeforeTest on method foodizonecrossbrowsertesting but has not been marked @Optional or defined
in C:\Users\USER\eclipse-workspace\TL_Projects\testng.xml">
      <![CDATA[org.testng.TestNGException: 
Parameter 'Browser' is required by BeforeTest on method foodizonecrossbrowsertesting but has not been marked @Optional or defined
in C:\Users\USER\eclipse-workspace\TL_Projects\testng.xml
... Removed 21 stack frames]]>
    </failure>
  </testcase> <!-- @BeforeTest foodizonecrossbrowsertesting -->
  <testcase classname="Lainas_home.Lainas" name="open" time="0.0">
    <skipped/>
  </testcase> <!-- open -->
  <testcase classname="Lainas_home.Lainas" name="form" time="0.0">
    <skipped/>
  </testcase> <!-- form -->
  <testcase classname="Lainas_home.Lainas" name="socialmedia" time="0.0">
    <skipped/>
  </testcase> <!-- socialmedia -->
  <testcase classname="Lainas_home.Lainas" name="field_Name_Validations" time="0.0">
    <skipped/>
  </testcase> <!-- field_Name_Validations -->
</testsuite> <!-- Test -->
